2026-04-24 10:06:01 | INFO     | OpentronsSiLA2Server | Initializing OpentronsSiLA2Server...
2026-04-24 10:06:01 | INFO     | OpentronsSiLA2Server | Directories initialized
2026-04-24 10:06:01 | INFO     | OpentronsSiLA2Server | Hardware config folder: C:\Users\PC\Desktop\LabOS\v1\Library\HardwareConfig
2026-04-24 10:06:01 | INFO     | OpentronsSiLA2Server | Available configs: ['Generic_HAL.json', 'SerialDilution_Setup.json', 'Standard_Flex_Setup.json']
2026-04-24 10:06:01 | INFO     | OpentronsSiLA2Server | Initialized tip racks from HAL: ['opentrons_flex_96_filtertiprack_1000ul']
2026-04-24 10:06:01 | INFO     | OpentronsSiLA2Server | Components initialized
2026-04-24 10:06:02 | INFO     | OpentronsSiLA2Server | Robot connected: jntlbot
2026-04-24 10:06:02 | WARNING  | OpentronsSiLA2Server | gRPC servicer not available - server will have no RPC methods
2026-04-24 10:06:02 | INFO     | OpentronsSiLA2Server | SiLA2Common adapter registered (Plug & Play enabled)
2026-04-24 10:06:02 | INFO     | OpentronsSiLA2Server | Starting SiLA2 server on 0.0.0.0:50057...
2026-04-24 10:06:03 | INFO     | OpentronsSiLA2Server | ============================================================
2026-04-24 10:06:03 | INFO     | OpentronsSiLA2Server |   OpentronsSiLA2Server v1.0.0
2026-04-24 10:06:03 | INFO     | OpentronsSiLA2Server |   gRPC: 0.0.0.0:50057
2026-04-24 10:06:03 | INFO     | OpentronsSiLA2Server |   Robot: 169.254.161.83:31950
2026-04-24 10:06:03 | INFO     | OpentronsSiLA2Server |   Hardware: Standard_Flex_Setup
2026-04-24 10:06:03 | INFO     | OpentronsSiLA2Server | ============================================================
2026-04-24 10:07:56 | INFO     | OpentronsSiLA2Server | Applying Hardware Config (HAL)...
2026-04-24 10:07:56 | INFO     | OpentronsSiLA2Server | [PLAN] opentrons_flex_96_filtertiprack_1000ul: need 6, available 72
2026-04-24 10:09:49 | INFO     | OpentronsSiLA2Server | Updating tip tracker (status: succeeded)...
2026-04-24 10:09:49 | INFO     | OpentronsSiLA2Server |   + 6 tips (opentrons_flex_96_filtertiprack_1000ul)
2026-04-24 10:48:40 | INFO     | OpentronsSiLA2Server | Initializing OpentronsSiLA2Server...
2026-04-24 10:48:40 | INFO     | OpentronsSiLA2Server | Directories initialized
2026-04-24 10:48:40 | INFO     | OpentronsSiLA2Server | Hardware config folder: C:\Users\PC\Desktop\LabOS\v1\Library\HardwareConfig
2026-04-24 10:48:40 | INFO     | OpentronsSiLA2Server | Available configs: ['Generic_HAL.json', 'SerialDilution_Setup.json', 'Standard_Flex_Setup.json']
2026-04-24 10:48:40 | INFO     | OpentronsSiLA2Server | Initialized tip racks from HAL: ['opentrons_flex_96_filtertiprack_1000ul']
2026-04-24 10:48:40 | INFO     | OpentronsSiLA2Server | Components initialized
2026-04-24 10:48:40 | INFO     | OpentronsSiLA2Server | Robot connected: jntlbot
2026-04-24 10:48:40 | WARNING  | OpentronsSiLA2Server | gRPC servicer not available - server will have no RPC methods
2026-04-24 10:48:40 | INFO     | OpentronsSiLA2Server | SiLA2Common adapter registered (Plug & Play enabled)
2026-04-24 10:48:40 | INFO     | OpentronsSiLA2Server | Starting SiLA2 server on 0.0.0.0:50057...
2026-04-24 10:48:41 | INFO     | OpentronsSiLA2Server | ============================================================
2026-04-24 10:48:41 | INFO     | OpentronsSiLA2Server |   OpentronsSiLA2Server v1.0.0
2026-04-24 10:48:41 | INFO     | OpentronsSiLA2Server |   gRPC: 0.0.0.0:50057
2026-04-24 10:48:41 | INFO     | OpentronsSiLA2Server |   Robot: 169.254.161.83:31950
2026-04-24 10:48:41 | INFO     | OpentronsSiLA2Server |   Hardware: Standard_Flex_Setup
2026-04-24 10:48:41 | INFO     | OpentronsSiLA2Server | ============================================================
2026-04-24 11:11:44 | INFO     | OpentronsSiLA2Server | Applying Hardware Config (HAL)...
2026-04-24 11:11:44 | INFO     | OpentronsSiLA2Server | [PLAN] opentrons_flex_96_filtertiprack_1000ul: need 6, available 66
2026-04-24 11:12:35 | INFO     | OpentronsSiLA2Server | Executing emergency drop sequence...
2026-04-24 11:12:37 | ERROR    | OpentronsSiLA2Server | Emergency drop failed: Run creation failed: 409 - {"errors":[{"id":"RunAlreadyActive","title":"Run Already Active","detail":"Current run is not idle or stopped.","errorCode":"4001"}]}
2026-04-24 11:12:45 | INFO     | OpentronsSiLA2Server | Updating tip tracker (status: stopped)...
2026-04-24 11:12:45 | WARNING  | OpentronsSiLA2Server | Run incomplete - reading actual usage from log...
2026-04-24 11:12:45 | WARNING  | OpentronsSiLA2Server | Applying full planned usage for safety
2026-04-24 11:12:45 | INFO     | OpentronsSiLA2Server |   + 6 tips (opentrons_flex_96_filtertiprack_1000ul) [SAFETY]
2026-04-24 11:13:45 | INFO     | OpentronsSiLA2Server | Executing emergency drop sequence...
2026-04-24 11:14:29 | INFO     | OpentronsSiLA2Server | Emergency drop completed
2026-04-24 11:19:18 | INFO     | OpentronsSiLA2Server | Applying Hardware Config (HAL)...
2026-04-24 11:19:18 | INFO     | OpentronsSiLA2Server | [PLAN] opentrons_flex_96_filtertiprack_1000ul: need 6, available 60
2026-04-24 11:21:00 | INFO     | OpentronsSiLA2Server | Updating tip tracker (status: succeeded)...
2026-04-24 11:21:00 | INFO     | OpentronsSiLA2Server |   + 6 tips (opentrons_flex_96_filtertiprack_1000ul)
2026-04-24 11:24:54 | INFO     | OpentronsSiLA2Server | Executing emergency drop sequence...
2026-04-24 11:25:39 | INFO     | OpentronsSiLA2Server | Emergency drop completed
2026-04-24 13:50:36 | INFO     | OpentronsSiLA2Server | Initializing OpentronsSiLA2Server...
2026-04-24 13:50:36 | INFO     | OpentronsSiLA2Server | Directories initialized
2026-04-24 13:50:36 | INFO     | OpentronsSiLA2Server | Hardware config folder: C:\Users\PC\Desktop\LabOS\v1\Library\HardwareConfig
2026-04-24 13:50:36 | INFO     | OpentronsSiLA2Server | Available configs: ['Generic_HAL.json', 'SerialDilution_Setup.json', 'Standard_Flex_Setup.json']
2026-04-24 13:50:36 | INFO     | OpentronsSiLA2Server | Tip state synchronized with HAL | kept=['opentrons_flex_96_filtertiprack_1000ul'] added=[] removed=['opentrons_flex_96_tiprack_1000ul']
2026-04-24 13:50:36 | INFO     | OpentronsSiLA2Server | Components initialized
2026-04-24 13:50:37 | INFO     | OpentronsSiLA2Server | Robot connected: jntlbot
2026-04-24 13:50:37 | WARNING  | OpentronsSiLA2Server | gRPC servicer not available - server will have no RPC methods
2026-04-24 13:50:37 | INFO     | OpentronsSiLA2Server | SiLA2Common adapter registered (Plug & Play enabled)
2026-04-24 13:50:37 | INFO     | OpentronsSiLA2Server | Starting SiLA2 server on 0.0.0.0:50057...
2026-04-24 13:50:38 | INFO     | OpentronsSiLA2Server | ============================================================
2026-04-24 13:50:38 | INFO     | OpentronsSiLA2Server |   OpentronsSiLA2Server v1.0.0
2026-04-24 13:50:38 | INFO     | OpentronsSiLA2Server |   gRPC: 0.0.0.0:50057
2026-04-24 13:50:38 | INFO     | OpentronsSiLA2Server |   Robot: 169.254.161.83:31950
2026-04-24 13:50:38 | INFO     | OpentronsSiLA2Server |   Hardware: Standard_Flex_Setup
2026-04-24 13:50:38 | INFO     | OpentronsSiLA2Server | ============================================================
2026-04-24 16:40:29 | INFO     | OpentronsSiLA2Server | Initializing OpentronsSiLA2Server...
2026-04-24 16:40:29 | INFO     | OpentronsSiLA2Server | Directories initialized
2026-04-24 16:40:29 | INFO     | OpentronsSiLA2Server | Hardware config folder: C:\Users\PC\Desktop\LabOS\v1\Library\HardwareConfig
2026-04-24 16:40:29 | INFO     | OpentronsSiLA2Server | Available configs: ['Generic_HAL.json', 'Generic_HAL_20260424_140830.json', 'Generic_HAL_20260424_141133.json', 'SerialDilution_Setup.json', 'Standard_Flex_Setup.json']
2026-04-24 16:40:29 | INFO     | OpentronsSiLA2Server | Tip state synchronized with HAL | kept=['opentrons_flex_96_filtertiprack_1000ul'] added=[] removed=[]
2026-04-24 16:40:29 | INFO     | OpentronsSiLA2Server | Components initialized
2026-04-24 16:40:29 | INFO     | OpentronsSiLA2Server | Robot connected: jntlbot
2026-04-24 16:40:29 | WARNING  | OpentronsSiLA2Server | gRPC servicer not available - server will have no RPC methods
2026-04-24 16:40:29 | INFO     | OpentronsSiLA2Server | SiLA2Common adapter registered (Plug & Play enabled)
2026-04-24 16:40:29 | INFO     | OpentronsSiLA2Server | Starting SiLA2 server on 0.0.0.0:50057...
2026-04-24 16:40:31 | INFO     | OpentronsSiLA2Server | ============================================================
2026-04-24 16:40:31 | INFO     | OpentronsSiLA2Server |   OpentronsSiLA2Server v1.0.0
2026-04-24 16:40:31 | INFO     | OpentronsSiLA2Server |   gRPC: 0.0.0.0:50057
2026-04-24 16:40:31 | INFO     | OpentronsSiLA2Server |   Robot: 169.254.161.83:31950
2026-04-24 16:40:31 | INFO     | OpentronsSiLA2Server |   Hardware: Standard_Flex_Setup
2026-04-24 16:40:31 | INFO     | OpentronsSiLA2Server | ============================================================
2026-04-24 16:43:02 | INFO     | OpentronsSiLA2Server | Applying Hardware Config (HAL)...
2026-04-24 16:43:02 | INFO     | OpentronsSiLA2Server | [PLAN] opentrons_flex_96_filtertiprack_1000ul: need 6, available 54
2026-04-24 16:44:44 | INFO     | OpentronsSiLA2Server | Updating tip tracker (status: succeeded)...
2026-04-24 16:44:44 | INFO     | OpentronsSiLA2Server |   + 6 tips (opentrons_flex_96_filtertiprack_1000ul)
