2026-03-05 12:24:31 | INFO     | OpentronsSiLA2Server | Initializing OpentronsSiLA2Server...
2026-03-05 12:24:31 | INFO     | OpentronsSiLA2Server | Directories initialized
2026-03-05 12:24:31 | INFO     | OpentronsSiLA2Server | Hardware config folder: C:\Users\PC\Desktop\LabOS\v1\Library\HardwareConfig
2026-03-05 12:24:31 | INFO     | OpentronsSiLA2Server | Available configs: ['Generic_HAL_20260303_133955.json', 'SerialDilution_Setup.json', 'Standard_Flex_Setup.json']
2026-03-05 12:24:31 | INFO     | OpentronsSiLA2Server | Initialized tip racks from HAL: ['opentrons_flex_96_filtertiprack_1000ul']
2026-03-05 12:24:31 | INFO     | OpentronsSiLA2Server | Components initialized
2026-03-05 12:24:31 | INFO     | OpentronsSiLA2Server | Retry 1/5...
2026-03-05 12:24:33 | INFO     | OpentronsSiLA2Server | Retry 2/5...
2026-03-05 12:24:35 | INFO     | OpentronsSiLA2Server | Retry 3/5...
2026-03-05 12:24:37 | INFO     | OpentronsSiLA2Server | Retry 4/5...
2026-03-05 12:24:39 | WARNING  | OpentronsSiLA2Server | Robot connection failed - server will start without robot
2026-03-05 12:24:39 | WARNING  | OpentronsSiLA2Server | gRPC servicer not available - server will have no RPC methods
2026-03-05 12:24:39 | INFO     | OpentronsSiLA2Server | SiLA2Common adapter registered (Plug & Play enabled)
2026-03-05 12:24:39 | INFO     | OpentronsSiLA2Server | Starting SiLA2 server on 0.0.0.0:50057...
2026-03-05 12:24:40 | INFO     | OpentronsSiLA2Server | ============================================================
2026-03-05 12:24:40 | INFO     | OpentronsSiLA2Server |   OpentronsSiLA2Server v1.0.0
2026-03-05 12:24:40 | INFO     | OpentronsSiLA2Server |   gRPC: 0.0.0.0:50057
2026-03-05 12:24:40 | INFO     | OpentronsSiLA2Server |   Robot: 169.254.161.83:31950
2026-03-05 12:24:40 | INFO     | OpentronsSiLA2Server |   Hardware: Standard_Flex_Setup
2026-03-05 12:24:40 | INFO     | OpentronsSiLA2Server | ============================================================
2026-03-05 12:32:35 | INFO     | OpentronsSiLA2Server | Initializing OpentronsSiLA2Server...
2026-03-05 12:32:35 | INFO     | OpentronsSiLA2Server | Directories initialized
2026-03-05 12:32:35 | INFO     | OpentronsSiLA2Server | Hardware config folder: C:\Users\PC\Desktop\LabOS\v1\Library\HardwareConfig
2026-03-05 12:32:35 | INFO     | OpentronsSiLA2Server | Available configs: ['Generic_HAL_20260303_133955.json', 'SerialDilution_Setup.json', 'Standard_Flex_Setup.json']
2026-03-05 12:32:35 | INFO     | OpentronsSiLA2Server | Initialized tip racks from HAL: ['opentrons_flex_96_filtertiprack_1000ul']
2026-03-05 12:32:35 | INFO     | OpentronsSiLA2Server | Components initialized
2026-03-05 12:32:35 | INFO     | OpentronsSiLA2Server | Retry 1/5...
2026-03-05 12:32:37 | INFO     | OpentronsSiLA2Server | Retry 2/5...
2026-03-05 12:32:39 | INFO     | OpentronsSiLA2Server | Retry 3/5...
2026-03-05 12:32:41 | INFO     | OpentronsSiLA2Server | Retry 4/5...
2026-03-05 12:32:44 | WARNING  | OpentronsSiLA2Server | Robot connection failed - server will start without robot
2026-03-05 12:32:44 | WARNING  | OpentronsSiLA2Server | gRPC servicer not available - server will have no RPC methods
2026-03-05 12:32:44 | INFO     | OpentronsSiLA2Server | SiLA2Common adapter registered (Plug & Play enabled)
2026-03-05 12:32:44 | INFO     | OpentronsSiLA2Server | Starting SiLA2 server on 0.0.0.0:50057...
2026-03-05 12:32:45 | INFO     | OpentronsSiLA2Server | ============================================================
2026-03-05 12:32:45 | INFO     | OpentronsSiLA2Server |   OpentronsSiLA2Server v1.0.0
2026-03-05 12:32:45 | INFO     | OpentronsSiLA2Server |   gRPC: 0.0.0.0:50057
2026-03-05 12:32:45 | INFO     | OpentronsSiLA2Server |   Robot: 169.254.161.83:31950
2026-03-05 12:32:45 | INFO     | OpentronsSiLA2Server |   Hardware: Standard_Flex_Setup
2026-03-05 12:32:45 | INFO     | OpentronsSiLA2Server | ============================================================
2026-03-05 12:32:49 | INFO     | OpentronsSiLA2Server | Shutting down...
2026-03-05 12:36:14 | INFO     | OpentronsSiLA2Server | Initializing OpentronsSiLA2Server...
2026-03-05 12:36:14 | INFO     | OpentronsSiLA2Server | Directories initialized
2026-03-05 12:36:14 | INFO     | OpentronsSiLA2Server | Hardware config folder: C:\Users\PC\Desktop\LabOS\v1\Library\HardwareConfig
2026-03-05 12:36:14 | INFO     | OpentronsSiLA2Server | Available configs: ['Generic_HAL_20260303_133955.json', 'SerialDilution_Setup.json', 'Standard_Flex_Setup.json']
2026-03-05 12:36:14 | INFO     | OpentronsSiLA2Server | Initialized tip racks from HAL: ['opentrons_flex_96_filtertiprack_1000ul']
2026-03-05 12:36:14 | INFO     | OpentronsSiLA2Server | Components initialized
2026-03-05 12:36:14 | INFO     | OpentronsSiLA2Server | Retry 1/5...
2026-03-05 12:36:16 | INFO     | OpentronsSiLA2Server | Retry 2/5...
2026-03-05 12:36:18 | INFO     | OpentronsSiLA2Server | Retry 3/5...
2026-03-05 12:36:20 | INFO     | OpentronsSiLA2Server | Retry 4/5...
2026-03-05 12:36:23 | WARNING  | OpentronsSiLA2Server | Robot connection failed - server will start without robot
2026-03-05 12:36:23 | WARNING  | OpentronsSiLA2Server | gRPC servicer not available - server will have no RPC methods
2026-03-05 12:36:23 | INFO     | OpentronsSiLA2Server | SiLA2Common adapter registered (Plug & Play enabled)
2026-03-05 12:36:23 | INFO     | OpentronsSiLA2Server | Starting SiLA2 server on 0.0.0.0:50057...
2026-03-05 12:36:24 | INFO     | OpentronsSiLA2Server | ============================================================
2026-03-05 12:36:24 | INFO     | OpentronsSiLA2Server |   OpentronsSiLA2Server v1.0.0
2026-03-05 12:36:24 | INFO     | OpentronsSiLA2Server |   gRPC: 0.0.0.0:50057
2026-03-05 12:36:24 | INFO     | OpentronsSiLA2Server |   Robot: 169.254.161.83:31950
2026-03-05 12:36:24 | INFO     | OpentronsSiLA2Server |   Hardware: Standard_Flex_Setup
2026-03-05 12:36:24 | INFO     | OpentronsSiLA2Server | ============================================================
2026-03-05 12:50:10 | INFO     | OpentronsSiLA2Server | Initializing OpentronsSiLA2Server...
2026-03-05 12:50:10 | INFO     | OpentronsSiLA2Server | Directories initialized
2026-03-05 12:50:10 | INFO     | OpentronsSiLA2Server | Hardware config folder: C:\Users\PC\Desktop\LabOS\v1\Library\HardwareConfig
2026-03-05 12:50:10 | INFO     | OpentronsSiLA2Server | Available configs: ['Generic_HAL_20260303_133955.json', 'SerialDilution_Setup.json', 'Standard_Flex_Setup.json']
2026-03-05 12:50:10 | INFO     | OpentronsSiLA2Server | Initialized tip racks from HAL: ['opentrons_flex_96_filtertiprack_1000ul']
2026-03-05 12:50:10 | INFO     | OpentronsSiLA2Server | Components initialized
2026-03-05 12:50:10 | INFO     | OpentronsSiLA2Server | Retry 1/3...
2026-03-05 12:50:12 | INFO     | OpentronsSiLA2Server | Retry 2/3...
2026-03-05 12:50:14 | ERROR    | OpentronsSiLA2Server | Robot not found after 3 retries - server cannot start
2026-03-05 12:50:14 | INFO     | OpentronsSiLA2Server | Shutting down...
2026-03-05 12:50:14 | INFO     | OpentronsSiLA2Server | Server stopped
